
Running 2 tests using 2 workers

[1A[2K[1/2] [firefox] › automation\tests\ui\article.spec.js:141:5 › Kiểm tra chức năng Articles › ArticleUI-TC11: Update bài viết thất bại vì trùng tên title của bài khác
[1A[2K[2/2] [chromium] › automation\tests\ui\article.spec.js:141:5 › Kiểm tra chức năng Articles › ArticleUI-TC11: Update bài viết thất bại vì trùng tên title của bài khác
[1A[2K  1) [chromium] › automation\tests\ui\article.spec.js:141:5 › Kiểm tra chức năng Articles › ArticleUI-TC11: Update bài viết thất bại vì trùng tên title của bài khác 

    TypeError: Cannot read properties of undefined (reading 'author')

      165 |         const newRes = await page.request.get(`api/articles/${newSlug}`);
      166 |         const newBody = await newRes.json();
    > 167 |         expect(newBody.article.author.username).toBe('Tester');
          |                                ^
      168 |     });
      169 | });
        at C:\Users\Asus\Hutech\.LuyenTap\reallword - automation - test case\playwright\automation\tests\ui\article.spec.js:167:32

    Error Context: test-results\ui-article-Kiểm-tra-chức-n-7e915-rùng-tên-title-của-bài-khác-chromium\error-context.md


[1A[2K  2) [firefox] › automation\tests\ui\article.spec.js:141:5 › Kiểm tra chức năng Articles › ArticleUI-TC11: Update bài viết thất bại vì trùng tên title của bài khác 

    TypeError: Cannot read properties of undefined (reading 'author')

      165 |         const newRes = await page.request.get(`api/articles/${newSlug}`);
      166 |         const newBody = await newRes.json();
    > 167 |         expect(newBody.article.author.username).toBe('Tester');
          |                                ^
      168 |     });
      169 | });
        at C:\Users\Asus\Hutech\.LuyenTap\reallword - automation - test case\playwright\automation\tests\ui\article.spec.js:167:32

    Error Context: test-results\ui-article-Kiểm-tra-chức-n-7e915-rùng-tên-title-của-bài-khác-firefox\error-context.md


[1A[2K  2 failed
    [chromium] › automation\tests\ui\article.spec.js:141:5 › Kiểm tra chức năng Articles › ArticleUI-TC11: Update bài viết thất bại vì trùng tên title của bài khác 
    [firefox] › automation\tests\ui\article.spec.js:141:5 › Kiểm tra chức năng Articles › ArticleUI-TC11: Update bài viết thất bại vì trùng tên title của bài khác 

[36m  Serving HTML report at http://localhost:62195. Press Ctrl+C to quit.[39m
